<?xml version="1.0" encoding="UTF-8"?>
<testsuite name="com.af.carrsvt.CarReservationApplicationTests" tests="1" skipped="0" failures="0" errors="0" timestamp="2024-12-20T17:53:57" hostname="abu-faiz" time="0.038">
  <properties/>
  <testcase name="contextLoads()" classname="com.af.carrsvt.CarReservationApplicationTests" time="0.038"/>
  <system-out><![CDATA[]]></system-out>
  <system-err><![CDATA[]]></system-err>
</testsuite>
